<?xml version="1.0" encoding="UTF-8"?>
<testng-results skipped="0" failed="0" ignored="0" total="1" passed="1">
  <reporter-output>
  </reporter-output>
  <suite name="Default suite" duration-ms="11695" started-at="2017-05-18T19:18:24Z" finished-at="2017-05-18T19:18:36Z">
    <groups>
    </groups>
    <test name="Default test" duration-ms="11695" started-at="2017-05-18T19:18:24Z" finished-at="2017-05-18T19:18:36Z">
      <class name="com.grid.hub.nodes.Test.GridHubNodesTest">
        <test-method status="PASS" signature="setUp()[pri:0, instance:com.grid.hub.nodes.Test.GridHubNodesTest@26653222]" name="setUp" is-config="true" duration-ms="9079" started-at="2017-05-18T15:18:24Z" finished-at="2017-05-18T15:18:34Z">
          <reporter-output>
          </reporter-output>
        </test-method> <!-- setUp -->
        <test-method status="PASS" signature="testGooglePageTitle()[pri:0, instance:com.grid.hub.nodes.Test.GridHubNodesTest@26653222]" name="testGooglePageTitle" duration-ms="2571" started-at="2017-05-18T15:18:34Z" finished-at="2017-05-18T15:18:36Z">
          <reporter-output>
          </reporter-output>
        </test-method> <!-- testGooglePageTitle -->
      </class> <!-- com.grid.hub.nodes.Test.GridHubNodesTest -->
    </test> <!-- Default test -->
  </suite> <!-- Default suite -->
</testng-results>
